#
# There is insufficient memory for the Java Runtime Environment to continue.
# Native memory allocation (malloc) failed to allocate 32744 bytes for ChunkPool::allocate
# Possible reasons:
#   The system is out of physical RAM or swap space
#   In 32 bit mode, the process size limit was hit
# Possible solutions:
#   Reduce memory load on the system
#   Increase physical memory or swap space
#   Check if swap backing store is full
#   Use 64 bit Java on a 64 bit OS
#   Decrease Java heap size (-Xmx/-Xms)
#   Decrease number of Java threads
#   Decrease Java thread stack sizes (-Xss)
#   Set larger code cache with -XX:ReservedCodeCacheSize=
# This output file may be truncated or incomplete.
#
#  Out of Memory Error (allocation.cpp:273), pid=10320, tid=0x000000000000177c
#
# JRE version: Java(TM) SE Runtime Environment (8.0_111-b14) (build 1.8.0_111-b14)
# Java VM: Java HotSpot(TM) 64-Bit Server VM (25.111-b14 mixed mode windows-amd64 compressed oops)
# Failed to write core dump. Minidumps are not enabled by default on client versions of Windows
#

---------------  T H R E A D  ---------------

Current thread (0x00000000172f4000):  JavaThread "C1 CompilerThread1" daemon [_thread_in_native, id=6012, stack(0x00000000184d0000,0x00000000185d0000)]

Stack: [0x00000000184d0000,0x00000000185d0000]
[error occurred during error reporting (printing stack bounds), id 0xc0000005]

Native frames: (J=compiled Java code, j=interpreted, Vv=VM code, C=native code)


Current CompileTask:
C1:  16638 1212   !   3       sun.java2d.pipe.DrawImage::renderImageXform (713 bytes)


---------------  P R O C E S S  ---------------

Java Threads: ( => current thread )
  0x00000000198cf000 JavaThread "TimerQueue" daemon [_thread_blocked, id=7820, stack(0x0000000019fe0000,0x000000001a0e0000)]
  0x0000000004d70800 JavaThread "DestroyJavaVM" [_thread_blocked, id=8456, stack(0x00000000034c0000,0x00000000035c0000)]
  0x0000000018b73000 JavaThread "AWT-EventQueue-0" [_thread_blocked, id=10760, stack(0x00000000194e0000,0x00000000195e0000)]
  0x0000000018b10800 JavaThread "AWT-Windows" daemon [_thread_in_native, id=1964, stack(0x0000000018f10000,0x0000000019010000)]
  0x0000000018ab7000 JavaThread "AWT-Shutdown" [_thread_blocked, id=1608, stack(0x0000000018e10000,0x0000000018f10000)]
  0x0000000018ab6000 JavaThread "Java2D Disposer" daemon [_thread_blocked, id=10304, stack(0x0000000018d10000,0x0000000018e10000)]
  0x00000000172fb000 JavaThread "Service Thread" daemon [_thread_blocked, id=8792, stack(0x00000000185d0000,0x00000000186d0000)]
=>0x00000000172f4000 JavaThread "C1 CompilerThread1" daemon [_thread_in_native, id=6012, stack(0x00000000184d0000,0x00000000185d0000)]
  0x00000000172a5000 JavaThread "C2 CompilerThread0" daemon [_thread_blocked, id=7696, stack(0x00000000183d0000,0x00000000184d0000)]
  0x00000000172a3800 JavaThread "Attach Listener" daemon [_thread_blocked, id=5928, stack(0x00000000182d0000,0x00000000183d0000)]
  0x00000000172a0800 JavaThread "Signal Dispatcher" daemon [_thread_blocked, id=8524, stack(0x00000000181d0000,0x00000000182d0000)]
  0x0000000017288800 JavaThread "Finalizer" daemon [_thread_blocked, id=11660, stack(0x0000000017ee0000,0x0000000017fe0000)]
  0x0000000004e5c800 JavaThread "Reference Handler" daemon [_thread_blocked, id=6572, stack(0x0000000017de0000,0x0000000017ee0000)]

Other Threads:
  0x0000000017266000 VMThread [stack: 0x0000000017ce0000,0x0000000017de0000] [id=8644]
  0x00000000172ff000 WatcherThread [stack: 0x00000000186d0000,0x00000000187d0000] [id=11856]

VM state:not at safepoint (normal execution)

VM Mutex/Monitor currently owned by a thread: None

Heap:
 PSYoungGen      total 18944K, used 5409K [0x00000000eb200000, 0x00000000ec700000, 0x0000000100000000)
  eden space 16384K, 33% used [0x00000000eb200000,0x00000000eb748470,0x00000000ec200000)
  from space 2560K, 0% used [0x00000000ec200000,0x00000000ec200000,0x00000000ec480000)
  to   space 2560K, 0% used [0x00000000ec480000,0x00000000ec480000,0x00000000ec700000)
 ParOldGen       total 32256K, used 2494K [0x00000000c1600000, 0x00000000c3580000, 0x00000000eb200000)
  object space 32256K, 7% used [0x00000000c1600000,0x00000000c186faa0,0x00000000c3580000)
 Metaspace       used 14922K, capacity 15136K, committed 15488K, reserved 1062912K
  class space    used 1964K, capacity 2058K, committed 2176K, reserved 1048576K

Card table byte_map: [0x00000000142a0000,0x00000000144a0000] byte_map_base: 0x0000000013c95000

Marking Bits: (ParMarkBitMap*) 0x00000000696fa6c0
 Begin Bits: [0x00000000147f0000, 0x0000000015798000)
 End Bits:   [0x0000000015798000, 0x0000000016740000)

Polling page: 0x00000000032f0000

CodeCache: size=245760Kb used=4010Kb max_used=4010Kb free=241749Kb
 bounds [0x0000000004ee0000, 0x00000000052d0000, 0x0000000013ee0000]
 total_blobs=1718 nmethods=1211 adapters=420
 compilation: enabled

Compilation events (10 events):
Event: 15.594 Thread 0x00000000172f4000 nmethod 1207 0x00000000052c8790 code [0x00000000052c88e0, 0x00000000052c89f0]
Event: 16.107 Thread 0x00000000172f4000 1208       3       sun.java2d.pipe.Region::<init> (26 bytes)
Event: 16.107 Thread 0x00000000172f4000 nmethod 1208 0x00000000052c8a50 code [0x00000000052c8ba0, 0x00000000052c8d50]
Event: 16.108 Thread 0x00000000172f4000 1209       3       java.util.Arrays::deepHashCode (275 bytes)
Event: 16.110 Thread 0x00000000172f4000 nmethod 1209 0x00000000052c8e10 code [0x00000000052c90e0, 0x00000000052ca938]
Event: 16.110 Thread 0x00000000172f4000 1210       3       sun.java2d.pipe.DrawImage::copyImage (91 bytes)
Event: 16.111 Thread 0x00000000172f4000 nmethod 1210 0x00000000052cad90 code [0x00000000052caf60, 0x00000000052cb808]
Event: 16.111 Thread 0x00000000172f4000 1211       3       sun.java2d.pipe.DrawImage::copyImage (74 bytes)
Event: 16.112 Thread 0x00000000172f4000 nmethod 1211 0x00000000052cbb50 code [0x00000000052cbce0, 0x00000000052cc0f8]
Event: 16.623 Thread 0x00000000172f4000 1212   !   3       sun.java2d.pipe.DrawImage::renderImageXform (713 bytes)

GC Heap History (4 events):
Event: 2.603 GC heap before
{Heap before GC invocations=1 (full 0):
 PSYoungGen      total 18944K, used 8853K [0x00000000eb200000, 0x00000000ec700000, 0x0000000100000000)
  eden space 16384K, 54% used [0x00000000eb200000,0x00000000ebaa5638,0x00000000ec200000)
  from space 2560K, 0% used [0x00000000ec480000,0x00000000ec480000,0x00000000ec700000)
  to   space 2560K, 0% used [0x00000000ec200000,0x00000000ec200000,0x00000000ec480000)
 ParOldGen       total 44032K, used 0K [0x00000000c1600000, 0x00000000c4100000, 0x00000000eb200000)
  object space 44032K, 0% used [0x00000000c1600000,0x00000000c1600000,0x00000000c4100000)
 Metaspace       used 13078K, capacity 13258K, committed 13440K, reserved 1064960K
  class space    used 1725K, capacity 1797K, committed 1920K, reserved 1048576K
Event: 2.620 GC heap after
Heap after GC invocations=1 (full 0):
 PSYoungGen      total 18944K, used 2528K [0x00000000eb200000, 0x00000000ec700000, 0x0000000100000000)
  eden space 16384K, 0% used [0x00000000eb200000,0x00000000eb200000,0x00000000ec200000)
  from space 2560K, 98% used [0x00000000ec200000,0x00000000ec478020,0x00000000ec480000)
  to   space 2560K, 0% used [0x00000000ec480000,0x00000000ec480000,0x00000000ec700000)
 ParOldGen       total 44032K, used 32K [0x00000000c1600000, 0x00000000c4100000, 0x00000000eb200000)
  object space 44032K, 0% used [0x00000000c1600000,0x00000000c1608000,0x00000000c4100000)
 Metaspace       used 13078K, capacity 13258K, committed 13440K, reserved 1064960K
  class space    used 1725K, capacity 1797K, committed 1920K, reserved 1048576K
}
Event: 2.620 GC heap before
{Heap before GC invocations=2 (full 1):
 PSYoungGen      total 18944K, used 2528K [0x00000000eb200000, 0x00000000ec700000, 0x0000000100000000)
  eden space 16384K, 0% used [0x00000000eb200000,0x00000000eb200000,0x00000000ec200000)
  from space 2560K, 98% used [0x00000000ec200000,0x00000000ec478020,0x00000000ec480000)
  to   space 2560K, 0% used [0x00000000ec480000,0x00000000ec480000,0x00000000ec700000)
 ParOldGen       total 44032K, used 32K [0x00000000c1600000, 0x00000000c4100000, 0x00000000eb200000)
  object space 44032K, 0% used [0x00000000c1600000,0x00000000c1608000,0x00000000c4100000)
 Metaspace       used 13078K, capacity 13258K, committed 13440K, reserved 1064960K
  class space    used 1725K, capacity 1797K, committed 1920K, reserved 1048576K
Event: 2.686 GC heap after
Heap after GC invocations=2 (full 1):
 PSYoungGen      total 18944K, used 0K [0x00000000eb200000, 0x00000000ec700000, 0x0000000100000000)
  eden space 16384K, 0% used [0x00000000eb200000,0x00000000eb200000,0x00000000ec200000)
  from space 2560K, 0% used [0x00000000ec200000,0x00000000ec200000,0x00000000ec480000)
  to   space 2560K, 0% used [0x00000000ec480000,0x00000000ec480000,0x00000000ec700000)
 ParOldGen       total 32256K, used 2494K [0x00000000c1600000, 0x00000000c3580000, 0x00000000eb200000)
  object space 32256K, 7% used [0x00000000c1600000,0x00000000c186faa0,0x00000000c3580000)
 Metaspace       used 13078K, capacity 13258K, committed 13440K, reserved 1062912K
  class space    used 1725K, capacity 1797K, committed 1920K, reserved 1048576K
}

Deoptimization events (8 events):
Event: 1.792 Thread 0x0000000018b73000 Uncommon trap: reason=unstable_if action=reinterpret pc=0x00000000050da930 method=java.lang.String.<init>([CII)V @ 18
Event: 1.935 Thread 0x0000000018b73000 Uncommon trap: reason=bimorphic action=maybe_recompile pc=0x00000000050e6ff4 method=java.util.HashMap.putVal(ILjava/lang/Object;Ljava/lang/Object;ZZ)Ljava/lang/Object; @ 152
Event: 2.180 Thread 0x0000000018b73000 Uncommon trap: reason=class_check action=maybe_recompile pc=0x000000000513272c method=javax.swing.plaf.nimbus.DerivedColor$UIResource.equals(Ljava/lang/Object;)Z @ 1
Event: 2.180 Thread 0x0000000018b73000 Uncommon trap: reason=class_check action=maybe_recompile pc=0x000000000513272c method=javax.swing.plaf.nimbus.DerivedColor$UIResource.equals(Ljava/lang/Object;)Z @ 1
Event: 2.180 Thread 0x0000000018b73000 Uncommon trap: reason=class_check action=maybe_recompile pc=0x000000000513272c method=javax.swing.plaf.nimbus.DerivedColor$UIResource.equals(Ljava/lang/Object;)Z @ 1
Event: 2.181 Thread 0x0000000018b73000 Uncommon trap: reason=class_check action=maybe_recompile pc=0x000000000513272c method=javax.swing.plaf.nimbus.DerivedColor$UIResource.equals(Ljava/lang/Object;)Z @ 1
Event: 2.499 Thread 0x0000000018b73000 Uncommon trap: reason=unstable_if action=reinterpret pc=0x00000000050e6fa4 method=java.util.HashMap.putVal(ILjava/lang/Object;Ljava/lang/Object;ZZ)Ljava/lang/Object; @ 109
Event: 2.964 Thread 0x0000000018b10800 Uncommon trap: reason=unstable_if action=reinterpret pc=0x00000000051f4164 method=sun.awt.SunToolkit.getAppContext(Ljava/lang/Object;)Lsun/awt/AppContext; @ 4

Internal exceptions (10 events):
Event: 1.343 Thread 0x0000000004d70800 Exception <a 'java/lang/ClassNotFoundException': ToolBar> (0x00000000eb59a198) thrown at [C:\re\workspace\8-2-build-windows-amd64-cygwin\jdk8u111\7883\hotspot\src\share\vm\classfile\systemDictionary.cpp, line 210]
Event: 1.343 Thread 0x0000000004d70800 Exception <a 'java/lang/ClassNotFoundException': ToggleButton> (0x00000000eb59a748) thrown at [C:\re\workspace\8-2-build-windows-amd64-cygwin\jdk8u111\7883\hotspot\src\share\vm\classfile\systemDictionary.cpp, line 210]
Event: 1.343 Thread 0x0000000004d70800 Exception <a 'java/lang/ClassNotFoundException': javax/swing/JToolBarSeparator> (0x00000000eb59aba8) thrown at [C:\re\workspace\8-2-build-windows-amd64-cygwin\jdk8u111\7883\hotspot\src\share\vm\classfile\systemDictionary.cpp, line 210]
Event: 1.343 Thread 0x0000000004d70800 Exception <a 'java/lang/ClassNotFoundException': ToolBarSeparator> (0x00000000eb59b040) thrown at [C:\re\workspace\8-2-build-windows-amd64-cygwin\jdk8u111\7883\hotspot\src\share\vm\classfile\systemDictionary.cpp, line 210]
Event: 1.344 Thread 0x0000000004d70800 Exception <a 'java/lang/ClassNotFoundException': ToolTip> (0x00000000eb59b780) thrown at [C:\re\workspace\8-2-build-windows-amd64-cygwin\jdk8u111\7883\hotspot\src\share\vm\classfile\systemDictionary.cpp, line 210]
Event: 1.346 Thread 0x0000000004d70800 Exception <a 'java/lang/ClassNotFoundException': Tree> (0x00000000eb59bef8) thrown at [C:\re\workspace\8-2-build-windows-amd64-cygwin\jdk8u111\7883\hotspot\src\share\vm\classfile\systemDictionary.cpp, line 210]
Event: 1.346 Thread 0x0000000004d70800 Exception <a 'java/lang/ClassNotFoundException': Tree> (0x00000000eb59c638) thrown at [C:\re\workspace\8-2-build-windows-amd64-cygwin\jdk8u111\7883\hotspot\src\share\vm\classfile\systemDictionary.cpp, line 210]
Event: 1.347 Thread 0x0000000004d70800 Exception <a 'java/lang/ClassNotFoundException': javax/swing/JTreeCell> (0x00000000eb59c9b8) thrown at [C:\re\workspace\8-2-build-windows-amd64-cygwin\jdk8u111\7883\hotspot\src\share\vm\classfile\systemDictionary.cpp, line 210]
Event: 1.347 Thread 0x0000000004d70800 Exception <a 'java/lang/ClassNotFoundException': TreeCell> (0x00000000eb59ce40) thrown at [C:\re\workspace\8-2-build-windows-amd64-cygwin\jdk8u111\7883\hotspot\src\share\vm\classfile\systemDictionary.cpp, line 210]
Event: 1.349 Thread 0x0000000004d70800 Exception <a 'java/lang/ClassNotFoundException': RootPane> (0x00000000eb59d8a0) thrown at [C:\re\workspace\8-2-build-windows-amd64-cygwin\jdk8u111\7883\hotspot\src\share\vm\classfile\systemDictionary.cpp, line 210]

Events (10 events):
Event: 5.794 loading class java/util/concurrent/TimeUnit$5 done
Event: 5.794 loading class java/util/concurrent/TimeUnit$6
Event: 5.794 loading class java/util/concurrent/TimeUnit$6 done
Event: 5.794 loading class java/util/concurrent/TimeUnit$7
Event: 5.794 loading class java/util/concurrent/TimeUnit$7 done
Event: 6.308 loading class javax/swing/Timer$1
Event: 6.309 loading class javax/swing/Timer$1 done
Event: 6.828 Thread 0x0000000018b73000 DEOPT PACKING pc=0x0000000005258554 sp=0x00000000195d8750
Event: 6.828 Thread 0x0000000018b73000 DEOPT UNPACKING pc=0x0000000004f2747f sp=0x00000000195d8460 mode 0
Event: 7.418 Thread 0x0000000019ab7800 Thread exited: 0x0000000019ab7800


Dynamic libraries:
0x00007ff7d4530000 - 0x00007ff7d4567000 	C:\Program Files\Java\jdk1.8.0_111\bin\java.exe
0x00007ffe45420000 - 0x00007ffe45600000 	C:\WINDOWS\SYSTEM32\ntdll.dll
0x00007ffe0c8c0000 - 0x00007ffe0c8d2000 	C:\Program Files\AVAST Software\Avast\aswhook.dll
0x00007ffe42c10000 - 0x00007ffe42cbe000 	C:\WINDOWS\System32\KERNEL32.DLL
0x00007ffe41bc0000 - 0x00007ffe41e26000 	C:\WINDOWS\System32\KERNELBASE.dll
0x00007ffe44720000 - 0x00007ffe447c1000 	C:\WINDOWS\System32\ADVAPI32.dll
0x00007ffe45000000 - 0x00007ffe4509d000 	C:\WINDOWS\System32\msvcrt.dll
0x00007ffe451c0000 - 0x00007ffe4521b000 	C:\WINDOWS\System32\sechost.dll
0x00007ffe452d0000 - 0x00007ffe453ef000 	C:\WINDOWS\System32\RPCRT4.dll
0x00007ffe42a00000 - 0x00007ffe42b8f000 	C:\WINDOWS\System32\USER32.dll
0x00007ffe418c0000 - 0x00007ffe418e0000 	C:\WINDOWS\System32\win32u.dll
0x00007ffe44450000 - 0x00007ffe44478000 	C:\WINDOWS\System32\GDI32.dll
0x00007ffe42580000 - 0x00007ffe42713000 	C:\WINDOWS\System32\gdi32full.dll
0x00007ffe41820000 - 0x00007ffe418bb000 	C:\WINDOWS\System32\msvcp_win.dll
0x00007ffe41a70000 - 0x00007ffe41b66000 	C:\WINDOWS\System32\ucrtbase.dll
0x00007ffe33e90000 - 0x00007ffe340f9000 	C:\WINDOWS\WinSxS\amd64_microsoft.windows.common-controls_6595b64144ccf1df_6.0.16299.431_none_15c7d3ee93659e73\COMCTL32.dll
0x00007ffe44cf0000 - 0x00007ffe44ff8000 	C:\WINDOWS\System32\combase.dll
0x00007ffe418e0000 - 0x00007ffe41952000 	C:\WINDOWS\System32\bcryptPrimitives.dll
0x00007ffe45190000 - 0x00007ffe451bd000 	C:\WINDOWS\System32\IMM32.DLL
0x0000000068e00000 - 0x0000000068ed2000 	C:\Program Files\Java\jdk1.8.0_111\jre\bin\msvcr100.dll
0x0000000068ee0000 - 0x000000006977a000 	C:\Program Files\Java\jdk1.8.0_111\jre\bin\server\jvm.dll
0x00007ffe45100000 - 0x00007ffe45108000 	C:\WINDOWS\System32\PSAPI.DLL
0x00007ffe40470000 - 0x00007ffe40479000 	C:\WINDOWS\SYSTEM32\WSOCK32.dll
0x00007ffe42ba0000 - 0x00007ffe42c0c000 	C:\WINDOWS\System32\WS2_32.dll
0x00007ffe3f6e0000 - 0x00007ffe3f703000 	C:\WINDOWS\SYSTEM32\WINMM.dll
0x00007ffe341c0000 - 0x00007ffe341ca000 	C:\WINDOWS\SYSTEM32\VERSION.dll
0x00007ffe3f5d0000 - 0x00007ffe3f5fa000 	C:\WINDOWS\SYSTEM32\WINMMBASE.dll
0x00007ffe41b70000 - 0x00007ffe41bba000 	C:\WINDOWS\System32\cfgmgr32.dll
0x0000000068db0000 - 0x0000000068dbf000 	C:\Program Files\Java\jdk1.8.0_111\jre\bin\verify.dll
0x0000000068d80000 - 0x0000000068da9000 	C:\Program Files\Java\jdk1.8.0_111\jre\bin\java.dll
0x0000000068d60000 - 0x0000000068d76000 	C:\Program Files\Java\jdk1.8.0_111\jre\bin\zip.dll
0x00007ffe42fb0000 - 0x00007ffe443e8000 	C:\WINDOWS\System32\SHELL32.dll
0x00007ffe45220000 - 0x00007ffe452c6000 	C:\WINDOWS\System32\shcore.dll
0x00007ffe41e30000 - 0x00007ffe42577000 	C:\WINDOWS\System32\windows.storage.dll
0x00007ffe44550000 - 0x00007ffe445a1000 	C:\WINDOWS\System32\shlwapi.dll
0x00007ffe41800000 - 0x00007ffe41811000 	C:\WINDOWS\System32\kernel.appcore.dll
0x00007ffe417b0000 - 0x00007ffe417fc000 	C:\WINDOWS\System32\powrprof.dll
0x00007ffe41770000 - 0x00007ffe4178b000 	C:\WINDOWS\System32\profapi.dll
0x0000000068b80000 - 0x0000000068d18000 	C:\Program Files\Java\jdk1.8.0_111\jre\bin\awt.dll
0x00007ffe44c20000 - 0x00007ffe44ce5000 	C:\WINDOWS\System32\OLEAUT32.dll
0x00007ffe3f8a0000 - 0x00007ffe3f928000 	C:\WINDOWS\SYSTEM32\apphelp.dll
0x00007ffe3fba0000 - 0x00007ffe3fc35000 	C:\WINDOWS\system32\uxtheme.dll
0x00007ffe445b0000 - 0x00007ffe44717000 	C:\WINDOWS\System32\MSCTF.dll
0x00007ffe3fd00000 - 0x00007ffe3fd2a000 	C:\WINDOWS\system32\dwmapi.dll
0x00007ffe42e60000 - 0x00007ffe42fa9000 	C:\WINDOWS\System32\ole32.dll
0x0000000068b30000 - 0x0000000068b77000 	C:\Program Files\Java\jdk1.8.0_111\jre\bin\fontmanager.dll
0x0000000068d40000 - 0x0000000068d5a000 	C:\Program Files\Java\jdk1.8.0_111\jre\bin\net.dll
0x00007ffe40fa0000 - 0x00007ffe41006000 	C:\WINDOWS\system32\mswsock.dll
0x0000000068d20000 - 0x0000000068d31000 	C:\Program Files\Java\jdk1.8.0_111\jre\bin\nio.dll
0x0000000068ae0000 - 0x0000000068b22000 	C:\Program Files\Java\jdk1.8.0_111\jre\bin\t2k.dll
0x00007ffe390d0000 - 0x00007ffe39168000 	C:\WINDOWS\System32\TextInputFramework.dll
0x00007ffe3b660000 - 0x00007ffe3b94e000 	C:\WINDOWS\System32\CoreUIComponents.dll
0x00007ffe3ea40000 - 0x00007ffe3eb1c000 	C:\WINDOWS\System32\CoreMessaging.dll
0x00007ffe408a0000 - 0x00007ffe408d1000 	C:\WINDOWS\SYSTEM32\ntmarta.dll
0x00007ffe3d4c0000 - 0x00007ffe3d5f6000 	C:\WINDOWS\SYSTEM32\wintypes.dll
0x0000000068aa0000 - 0x0000000068aca000 	C:\Program Files\Java\jdk1.8.0_111\jre\bin\dcpr.dll
0x00007ffe444b0000 - 0x00007ffe4454e000 	C:\WINDOWS\System32\clbcatq.dll
0x00007ffe3bed0000 - 0x00007ffe3c07b000 	C:\WINDOWS\SYSTEM32\WindowsCodecs.dll
0x00007ffe24050000 - 0x00007ffe2409f000 	C:\WINDOWS\system32\dataexchange.dll
0x00007ffe3e580000 - 0x00007ffe3e862000 	C:\WINDOWS\system32\d3d11.dll
0x00007ffe3f110000 - 0x00007ffe3f252000 	C:\WINDOWS\system32\dcomp.dll
0x00007ffe405d0000 - 0x00007ffe4067f000 	C:\WINDOWS\system32\dxgi.dll
0x00007ffe3fd30000 - 0x00007ffe3feab000 	C:\WINDOWS\system32\twinapi.appcore.dll
0x00007ffe3fc70000 - 0x00007ffe3fc90000 	C:\WINDOWS\system32\RMCLIENT.dll
0x00007ffe41270000 - 0x00007ffe41295000 	C:\WINDOWS\system32\bcrypt.dll

VM Arguments:
jvm_args: -Dfile.encoding=UTF-8 
java_command: lab6_guillermoespinal.Frame_principal
java_class_path (initial): C:\Users\admin\Downloads\jcalendar-1.42\lib\jcalendar-1.4.jar;C:\Users\admin\Desktop\Lab6_GuillermoEspinal\Lab6_GuillermoEspinal\build\classes
Launcher Type: SUN_STANDARD

Environment Variables:
PATH=C:\Program Files (x86)\Intel\TXE Components\TCS\;C:\Program Files\Intel\TXE Components\TCS\;C:\WINDOWS\system32;C:\WINDOWS;C:\WINDOWS\System32\Wbem;C:\WINDOWS\System32\WindowsPowerShell\v1.0\;C:\Program Files\Intel\TXE Components\DAL\;C:\Program Files (x86)\Intel\TXE Components\DAL\;C:\Program Files\Intel\TXE Components\IPT\;C:\Program Files (x86)\Intel\TXE Components\IPT\;C:\Program Files\Intel\WiFi\bin\;C:\Program Files\Common Files\Intel\WirelessCommon\;C:\Users\admin\AppData\Local\Microsoft\WindowsApps
USERNAME=admin
OS=Windows_NT
PROCESSOR_IDENTIFIER=Intel64 Family 6 Model 76 Stepping 4, GenuineIntel



---------------  S Y S T E M  ---------------

OS: Windows 10.0 , 64 bit Build 16299 (10.0.16299.431)

CPU:total 2 (2 cores per cpu, 1 threads per core) family 6 model 76 stepping 4, cmov, cx8, fxsr, mmx, sse, sse2, sse3, ssse3, sse4.1, sse4.2, popcnt, aes, clmul, erms, 3dnowpref, tsc, tscinvbit

Memory: 4k page, physical 4097616k(775264k free), swap 4635692k(2716k free)

vm_info: Java HotSpot(TM) 64-Bit Server VM (25.111-b14) for windows-amd64 JRE (1.8.0_111-b14), built on Sep 22 2016 19:24:05 by "java_re" with MS VC++ 10.0 (VS2010)

time: Fri Nov 15 19:46:11 2019
elapsed time: 16 seconds (0d 0h 0m 16s)

